<?xml version="1.0" encoding="UTF-8"?>
<testsuite name="com.example.ClothingStoreWebApp.ChamMobileAppV2ApplicationTests" tests="1" skipped="0" failures="0" errors="0" timestamp="2024-05-10T00:30:06" hostname="SUNVEER" time="1.314">
  <properties/>
  <testcase name="contextLoads()" classname="com.example.ClothingStoreWebApp.ChamMobileAppV2ApplicationTests" time="1.314"/>
  <system-out><![CDATA[20:29:48.055 [Test worker] INFO org.springframework.test.context.support.AnnotationConfigContextLoaderUtils -- Could not detect default configuration classes for test class [com.example.ClothingStoreWebApp.ChamMobileAppV2ApplicationTests]: ChamMobileAppV2ApplicationTests does not declare any static, non-private, non-final, nested classes annotated with @Configuration.
20:29:48.520 [Test worker] INFO org.springframework.boot.test.context.SpringBootTestContextBootstrapper -- Found @SpringBootConfiguration com.example.ClothingStoreWebApp.ClothingStoreWebAppApplication for test class com.example.ClothingStoreWebApp.ChamMobileAppV2ApplicationTests

  .   ____          _            __ _ _
 /\\ / ___'_ __ _ _(_)_ __  __ _ \ \ \ \
( ( )\___ | '_ | '_| | '_ \/ _` | \ \ \ \
 \\/  ___)| |_)| | | | | || (_| |  ) ) ) )
  '  |____| .__|_| |_|_| |_\__, | / / / /
 =========|_|==============|___/=/_/_/_/
 :: Spring Boot ::                (v3.2.2)

2024-05-09T20:29:50.238-04:00  INFO 3680 --- [    Test worker] c.e.C.ChamMobileAppV2ApplicationTests    : Starting ChamMobileAppV2ApplicationTests using Java 20.0.1 with PID 3680 (started by Sunve in C:\Users\Sunve\OneDrive\Documents\Semester 4\Web Services\ClothingStoreWebApp2)
2024-05-09T20:29:50.238-04:00  INFO 3680 --- [    Test worker] c.e.C.ChamMobileAppV2ApplicationTests    : No active profile set, falling back to 1 default profile: "default"
2024-05-09T20:29:52.262-04:00  INFO 3680 --- [    Test worker] .s.d.r.c.RepositoryConfigurationDelegate : Bootstrapping Spring Data JPA repositories in DEFAULT mode.
2024-05-09T20:29:52.380-04:00  INFO 3680 --- [    Test worker] .s.d.r.c.RepositoryConfigurationDelegate : Finished Spring Data repository scanning in 71 ms. Found 0 JPA repository interfaces.
2024-05-09T20:29:52.868-04:00  INFO 3680 --- [    Test worker] faultConfiguringBeanFactoryPostProcessor : No bean named 'errorChannel' has been explicitly defined. Therefore, a default PublishSubscribeChannel will be created.
2024-05-09T20:29:52.885-04:00  INFO 3680 --- [    Test worker] faultConfiguringBeanFactoryPostProcessor : No bean named 'integrationHeaderChannelRegistry' has been explicitly defined. Therefore, a default DefaultHeaderChannelRegistry will be created.
2024-05-09T20:29:55.150-04:00  INFO 3680 --- [    Test worker] com.zaxxer.hikari.HikariDataSource       : HikariPool-1 - Starting...
2024-05-09T20:29:56.250-04:00  INFO 3680 --- [    Test worker] com.zaxxer.hikari.pool.HikariPool        : HikariPool-1 - Added connection conn0: url=jdbc:h2:mem:25c4d4a2-bc01-4e16-90b6-4c765c5bc75a user=SA
2024-05-09T20:29:56.258-04:00  INFO 3680 --- [    Test worker] com.zaxxer.hikari.HikariDataSource       : HikariPool-1 - Start completed.
2024-05-09T20:29:56.536-04:00  INFO 3680 --- [    Test worker] o.hibernate.jpa.internal.util.LogHelper  : HHH000204: Processing PersistenceUnitInfo [name: default]
2024-05-09T20:29:56.818-04:00  INFO 3680 --- [    Test worker] org.hibernate.Version                    : HHH000412: Hibernate ORM core version 6.4.1.Final
2024-05-09T20:29:56.984-04:00  INFO 3680 --- [    Test worker] o.h.c.internal.RegionFactoryInitiator    : HHH000026: Second-level cache disabled
2024-05-09T20:29:57.965-04:00  INFO 3680 --- [    Test worker] o.s.o.j.p.SpringPersistenceUnitInfo      : No LoadTimeWeaver setup: ignoring JPA class transformer
2024-05-09T20:30:01.897-04:00  INFO 3680 --- [    Test worker] o.h.e.t.j.p.i.JtaPlatformInitiator       : HHH000489: No JTA platform available (set 'hibernate.transaction.jta.platform' to enable JTA platform integration)
2024-05-09T20:30:02.027-04:00  INFO 3680 --- [    Test worker] j.LocalContainerEntityManagerFactoryBean : Initialized JPA EntityManagerFactory for persistence unit 'default'
2024-05-09T20:30:03.041-04:00  WARN 3680 --- [    Test worker] JpaBaseConfiguration$JpaWebConfiguration : spring.jpa.open-in-view is enabled by default. Therefore, database queries may be performed during view rendering. Explicitly configure spring.jpa.open-in-view to disable this warning
2024-05-09T20:30:06.403-04:00  INFO 3680 --- [    Test worker] o.s.i.endpoint.EventDrivenConsumer       : Adding {logging-channel-adapter:_org.springframework.integration.errorLogger} as a subscriber to the 'errorChannel' channel
2024-05-09T20:30:06.406-04:00  INFO 3680 --- [    Test worker] o.s.i.channel.PublishSubscribeChannel    : Channel 'application.errorChannel' has 1 subscriber(s).
2024-05-09T20:30:06.407-04:00  INFO 3680 --- [    Test worker] o.s.i.endpoint.EventDrivenConsumer       : started bean '_org.springframework.integration.errorLogger'
2024-05-09T20:30:06.482-04:00  INFO 3680 --- [    Test worker] c.e.C.ChamMobileAppV2ApplicationTests    : Started ChamMobileAppV2ApplicationTests in 17.293 seconds (process running for 21.234)
]]></system-out>
  <system-err><![CDATA[]]></system-err>
</testsuite>
